[2025-03-31T08:39:25.456+0000] {local_task_job_runner.py:123} INFO - ::group::Pre task execution logs
[2025-03-31T08:39:25.480+0000] {taskinstance.py:2614} INFO - Dependencies all met for dep_context=non-requeueable deps ti=<TaskInstance: forex_ml_pipeline.pull_forex_data manual__2025-03-31T08:39:16.898472+00:00 [queued]>
[2025-03-31T08:39:25.496+0000] {taskinstance.py:2614} INFO - Dependencies all met for dep_context=requeueable deps ti=<TaskInstance: forex_ml_pipeline.pull_forex_data manual__2025-03-31T08:39:16.898472+00:00 [queued]>
[2025-03-31T08:39:25.497+0000] {taskinstance.py:2867} INFO - Starting attempt 1 of 4
[2025-03-31T08:39:25.514+0000] {taskinstance.py:2890} INFO - Executing <Task(PythonOperator): pull_forex_data> on 2025-03-31 08:39:16.898472+00:00
[2025-03-31T08:39:25.525+0000] {standard_task_runner.py:104} INFO - Running: ['***', 'tasks', 'run', 'forex_ml_pipeline', 'pull_forex_data', 'manual__2025-03-31T08:39:16.898472+00:00', '--job-id', '7', '--raw', '--subdir', 'DAGS_FOLDER/forex_ml_pipeline.py', '--cfg-path', '/tmp/tmpkbm630dm']
[2025-03-31T08:39:25.529+0000] {standard_task_runner.py:105} INFO - Job 7: Subtask pull_forex_data
[2025-03-31T08:39:25.529+0000] {logging_mixin.py:190} WARNING - /home/***/.local/lib/python3.12/site-packages/***/task/task_runner/standard_task_runner.py:70 DeprecationWarning: This process (pid=758) is multi-threaded, use of fork() may lead to deadlocks in the child.
[2025-03-31T08:39:25.530+0000] {standard_task_runner.py:72} INFO - Started process 760 to run task
[2025-03-31T08:39:25.581+0000] {task_command.py:467} INFO - Running <TaskInstance: forex_ml_pipeline.pull_forex_data manual__2025-03-31T08:39:16.898472+00:00 [running]> on host dc9c3740e7ea
[2025-03-31T08:39:25.671+0000] {taskinstance.py:3134} INFO - Exporting env vars: AIRFLOW_CTX_DAG_OWNER='mikhail' AIRFLOW_CTX_DAG_ID='forex_ml_pipeline' AIRFLOW_CTX_TASK_ID='pull_forex_data' AIRFLOW_CTX_EXECUTION_DATE='2025-03-31T08:39:16.898472+00:00' AIRFLOW_CTX_TRY_NUMBER='1' AIRFLOW_CTX_DAG_RUN_ID='manual__2025-03-31T08:39:16.898472+00:00'
[2025-03-31T08:39:25.675+0000] {taskinstance.py:732} INFO - ::endgroup::
[2025-03-31T08:39:25.702+0000] {logging_mixin.py:190} INFO - https://api.polygon.io/v2/aggs/ticker/C:USDPHP/range/4/hour/2022-01-01/2024-01-01
[2025-03-31T08:39:25.703+0000] {logging_mixin.py:190} INFO - {'Authorization': 'Bearer D9TH6AGRTuD3Rk38ZFvtBhjbTXrq2nHe', 'Content-Type': 'application/json'}
[2025-03-31T08:39:31.599+0000] {logging_mixin.py:190} INFO - {'ticker': 'C:USDPHP', 'queryCount': 5000, 'resultsCount': 48, 'adjusted': True, 'results': [{'v': 2, 'vw': 54.2495, 'o': 54.233, 'c': 54.266, 'h': 54.266, 'l': 54.233, 't': 1680465600000, 'n': 2}, {'v': 717, 'vw': 54.5381, 'o': 54.334, 'c': 54.583, 'h': 54.626, 'l': 54.318, 't': 1680480000000, 'n': 717}, {'v': 1034, 'vw': 54.6895, 'o': 54.582, 'c': 54.737, 'h': 54.827, 'l': 54.44, 't': 1680494400000, 'n': 1034}, {'v': 1778, 'vw': 54.7398, 'o': 54.735, 'c': 54.634, 'h': 55.046, 'l': 54.033, 't': 1680508800000, 'n': 1778}, {'v': 916, 'vw': 54.584, 'o': 54.636, 'c': 54.557, 'h': 54.655, 'l': 54.25, 't': 1680523200000, 'n': 916}, {'v': 165, 'vw': 54.5586, 'o': 54.55, 'c': 54.551, 'h': 54.603, 'l': 54.456, 't': 1680537600000, 'n': 165}, {'v': 80, 'vw': 54.5431, 'o': 54.554, 'c': 54.51, 'h': 54.58, 'l': 54.461, 't': 1680552000000, 'n': 80}, {'v': 737, 'vw': 54.6463, 'o': 54.565, 'c': 54.633, 'h': 54.699, 'l': 54.46, 't': 1680566400000, 'n': 737}, {'v': 707, 'vw': 54.5666, 'o': 54.632, 'c': 54.538, 'h': 54.634, 'l': 54.262, 't': 1680580800000, 'n': 707}, {'v': 1123, 'vw': 54.5103, 'o': 54.537, 'c': 54.526, 'h': 54.579, 'l': 53.264, 't': 1680595200000, 'n': 1123}, {'v': 1182, 'vw': 54.4354, 'o': 54.523, 'c': 54.377, 'h': 54.555, 'l': 54.252, 't': 1680609600000, 'n': 1182}, {'v': 383, 'vw': 54.3563, 'o': 54.376, 'c': 54.32, 'h': 54.415, 'l': 54.263, 't': 1680624000000, 'n': 383}, {'v': 19, 'vw': 54.2677, 'o': 54.321, 'c': 54.24, 'h': 54.321, 'l': 54.195, 't': 1680638400000, 'n': 19}, {'v': 772, 'vw': 54.4299, 'o': 54.263, 'c': 54.423, 'h': 54.535, 'l': 54.26, 't': 1680652800000, 'n': 772}, {'v': 893, 'vw': 54.391, 'o': 54.422, 'c': 54.429, 'h': 54.486, 'l': 54.26, 't': 1680667200000, 'n': 893}, {'v': 1261, 'vw': 54.4572, 'o': 54.428, 'c': 54.478, 'h': 54.518, 'l': 54.317, 't': 1680681600000, 'n': 1261}, {'v': 1865, 'vw': 54.4506, 'o': 54.479, 'c': 54.482, 'h': 54.512, 'l': 54.317, 't': 1680696000000, 'n': 1865}, {'v': 299, 'vw': 54.4934, 'o': 54.483, 'c': 54.486, 'h': 54.518, 'l': 54.34, 't': 1680710400000, 'n': 299}, {'v': 19, 'vw': 54.4844, 'o': 54.483, 'c': 54.34, 'h': 54.508, 'l': 54.34, 't': 1680724800000, 'n': 19}, {'v': 309, 'vw': 54.5157, 'o': 54.486, 'c': 54.526, 'h': 54.581, 'l': 54.375, 't': 1680739200000, 'n': 309}, {'v': 591, 'vw': 54.485, 'o': 54.525, 'c': 54.51, 'h': 54.535, 'l': 54.34, 't': 1680753600000, 'n': 591}, {'v': 520, 'vw': 54.5372, 'o': 54.427, 'c': 54.503, 'h': 54.655, 'l': 54.336, 't': 1680768000000, 'n': 520}, {'v': 644, 'vw': 54.5547, 'o': 54.541, 'c': 54.539, 'h': 54.595, 'l': 54.442, 't': 1680782400000, 'n': 644}, {'v': 209, 'vw': 54.4998, 'o': 54.541, 'c': 54.48, 'h': 54.545, 'l': 54.39, 't': 1680796800000, 'n': 209}, {'v': 20, 'vw': 54.4539, 'o': 54.478, 'c': 54.464, 'h': 54.499, 'l': 54.422, 't': 1680811200000, 'n': 20}, {'v': 119, 'vw': 54.482, 'o': 54.463, 'c': 54.479, 'h': 54.498, 'l': 54.459, 't': 1680825600000, 'n': 119}, {'v': 255, 'vw': 54.4786, 'o': 54.476, 'c': 54.461, 'h': 54.488, 'l': 54.448, 't': 1680840000000, 'n': 255}, {'v': 159, 'vw': 54.432, 'o': 54.464, 'c': 54.423, 'h': 54.491, 'l': 54.297, 't': 1680854400000, 'n': 159}, {'v': 383, 'vw': 54.4646, 'o': 54.483, 'c': 54.531, 'h': 54.597, 'l': 54.355, 't': 1680868800000, 'n': 383}, {'v': 18, 'vw': 54.5382, 'o': 54.513, 'c': 54.486, 'h': 54.604, 'l': 54.473, 't': 1680883200000, 'n': 18}, {'v': 1, 'vw': 54.476, 'o': 54.476, 'c': 54.476, 'h': 54.476, 'l': 54.476, 't': 1680897600000, 'n': 1}, {'v': 1, 'vw': 54.39, 'o': 54.39, 'c': 54.39, 'h': 54.39, 'l': 54.39, 't': 1680926400000, 'n': 1}, {'v': 2, 'vw': 54.487, 'o': 54.39, 'c': 54.584, 'h': 54.584, 'l': 54.39, 't': 1681070400000, 'n': 2}, {'v': 183, 'vw': 54.5591, 'o': 54.464, 'c': 54.577, 'h': 54.616, 'l': 54.464, 't': 1681084800000, 'n': 183}, {'v': 431, 'vw': 54.5877, 'o': 54.576, 'c': 54.618, 'h': 54.641, 'l': 54.39, 't': 1681099200000, 'n': 431}, {'v': 538, 'vw': 54.6423, 'o': 54.616, 'c': 54.663, 'h': 54.687, 'l': 54.471, 't': 1681113600000, 'n': 538}, {'v': 498, 'vw': 54.6885, 'o': 54.643, 'c': 54.754, 'h': 54.787, 'l': 54.39, 't': 1681128000000, 'n': 498}, {'v': 124, 'vw': 54.7292, 'o': 54.764, 'c': 54.69, 'h': 54.777, 'l': 54.666, 't': 1681142400000, 'n': 124}, {'v': 17, 'vw': 54.6901, 'o': 54.703, 'c': 54.738, 'h': 54.754, 'l': 54.673, 't': 1681156800000, 'n': 17}, {'v': 769, 'vw': 54.6996, 'o': 54.695, 'c': 54.692, 'h': 54.758, 'l': 54.55, 't': 1681171200000, 'n': 769}, {'v': 705, 'vw': 54.8196, 'o': 54.693, 'c': 54.886, 'h': 55.003, 'l': 54.56, 't': 1681185600000, 'n': 705}, {'v': 1345, 'vw': 54.9249, 'o': 54.884, 'c': 54.994, 'h': 55.046, 'l': 54.717, 't': 1681200000000, 'n': 1345}, {'v': 1453, 'vw': 55.0255, 'o': 54.991, 'c': 55.057, 'h': 55.074, 'l': 54.72, 't': 1681214400000, 'n': 1453}, {'v': 512, 'vw': 55.0491, 'o': 55.064, 'c': 55.029, 'h': 55.075, 'l': 54.959, 't': 1681228800000, 'n': 512}, {'v': 29, 'vw': 55.023, 'o': 55.027, 'c': 55, 'h': 55.045, 'l': 54.947, 't': 1681243200000, 'n': 29}, {'v': 550, 'vw': 55.0732, 'o': 54.985, 'c': 55.05, 'h': 55.14, 'l': 54.875, 't': 1681257600000, 'n': 550}, {'v': 819, 'vw': 55.2068, 'o': 55.051, 'c': 55.226, 'h': 55.341, 'l': 54.925, 't': 1681272000000, 'n': 819}, {'v': 1329, 'vw': 55.2136, 'o': 55.212, 'c': 55.202, 'h': 55.288, 'l': 55.025, 't': 1681286400000, 'n': 1329}], 'status': 'OK', 'request_id': '7ac1be806910b88d711ccd125c83a17c', 'count': 48, 'next_url': 'https://api.polygon.io/v2/aggs/ticker/C:USDPHP/range/4/hour/1681300800000/2024-01-01?cursor=bGltaXQ9NTAwMCZzb3J0PWFzYw'}
[2025-03-31T08:39:34.020+0000] {logging_mixin.py:190} INFO - {'ticker': 'C:USDPHP', 'queryCount': 5000, 'resultsCount': 38, 'adjusted': True, 'results': [{'v': 1548, 'vw': 55.1165, 'o': 55.206, 'c': 55.16, 'h': 55.234, 'l': 54.841, 't': 1681300800000, 'n': 1548}, {'v': 229, 'vw': 55.1291, 'o': 55.123, 'c': 55.175, 'h': 55.181, 'l': 55.045, 't': 1681315200000, 'n': 229}, {'v': 10, 'vw': 55.1492, 'o': 55.163, 'c': 55.16, 'h': 55.163, 'l': 55.128, 't': 1681329600000, 'n': 10}, {'v': 911, 'vw': 55.2473, 'o': 55.147, 'c': 55.205, 'h': 55.379, 'l': 55, 't': 1681344000000, 'n': 911}, {'v': 1028, 'vw': 55.312, 'o': 55.207, 'c': 55.281, 'h': 55.435, 'l': 55.105, 't': 1681358400000, 'n': 1028}, {'v': 666, 'vw': 55.3255, 'o': 55.277, 'c': 55.305, 'h': 55.375, 'l': 55.122, 't': 1681372800000, 'n': 666}, {'v': 1551, 'vw': 55.2937, 'o': 55.344, 'c': 55.252, 'h': 55.388, 'l': 55.16, 't': 1681387200000, 'n': 1551}, {'v': 280, 'vw': 55.2169, 'o': 55.258, 'c': 55.166, 'h': 55.266, 'l': 55.142, 't': 1681401600000, 'n': 280}, {'v': 16, 'vw': 55.1866, 'o': 55.162, 'c': 55.213, 'h': 55.23, 'l': 55.155, 't': 1681416000000, 'n': 16}, {'v': 828, 'vw': 55.1488, 'o': 55.205, 'c': 55.16, 'h': 55.259, 'l': 54.97, 't': 1681430400000, 'n': 828}, {'v': 568, 'vw': 55.2557, 'o': 55.162, 'c': 55.237, 'h': 55.333, 'l': 55.045, 't': 1681444800000, 'n': 568}, {'v': 803, 'vw': 55.2837, 'o': 55.234, 'c': 55.273, 'h': 55.338, 'l': 55.13, 't': 1681459200000, 'n': 803}, {'v': 1054, 'vw': 55.285, 'o': 55.279, 'c': 55.379, 'h': 55.381, 'l': 55.071, 't': 1681473600000, 'n': 1054}, {'v': 274, 'vw': 55.3282, 'o': 55.343, 'c': 55.243, 'h': 55.381, 'l': 55.243, 't': 1681488000000, 'n': 274}, {'v': 12, 'vw': 55.299, 'o': 55.294, 'c': 55.338, 'h': 55.338, 'l': 55.278, 't': 1681502400000, 'n': 12}, {'v': 1, 'vw': 55.249, 'o': 55.249, 'c': 55.249, 'h': 55.249, 'l': 55.249, 't': 1681560000000, 'n': 1}, {'v': 2, 'vw': 55.294, 'o': 55.249, 'c': 55.339, 'h': 55.339, 'l': 55.249, 't': 1681675200000, 'n': 2}, {'v': 667, 'vw': 55.53, 'o': 55.249, 'c': 55.561, 'h': 55.66, 'l': 55.249, 't': 1681689600000, 'n': 667}, {'v': 1326, 'vw': 55.7014, 'o': 55.56, 'c': 55.904, 'h': 55.958, 'l': 55.55, 't': 1681704000000, 'n': 1326}, {'v': 1264, 'vw': 55.9209, 'o': 55.902, 'c': 55.945, 'h': 55.977, 'l': 54.663, 't': 1681718400000, 'n': 1264}, {'v': 1693, 'vw': 55.9777, 'o': 55.933, 'c': 56.023, 'h': 56.06, 'l': 55.826, 't': 1681732800000, 'n': 1693}, {'v': 340, 'vw': 56.0115, 'o': 56.024, 'c': 55.97, 'h': 56.056, 'l': 55.954, 't': 1681747200000, 'n': 340}, {'v': 28, 'vw': 55.9529, 'o': 55.969, 'c': 56.03, 'h': 56.03, 'l': 55.83, 't': 1681761600000, 'n': 28}, {'v': 891, 'vw': 55.9994, 'o': 56.01, 'c': 56.02, 'h': 56.095, 'l': 55.86, 't': 1681776000000, 'n': 891}, {'v': 980, 'vw': 56.1939, 'o': 56.019, 'c': 56.146, 'h': 56.316, 'l': 55.96, 't': 1681790400000, 'n': 980}, {'v': 1431, 'vw': 56.1855, 'o': 56.144, 'c': 56.267, 'h': 56.275, 'l': 55.732, 't': 1681804800000, 'n': 1431}, {'v': 1111, 'vw': 56.2182, 'o': 56.269, 'c': 56.2, 'h': 56.289, 'l': 56.04, 't': 1681819200000, 'n': 1111}, {'v': 371, 'vw': 56.2054, 'o': 56.206, 'c': 56.216, 'h': 56.231, 'l': 56.06, 't': 1681833600000, 'n': 371}, {'v': 27, 'vw': 56.1867, 'o': 56.185, 'c': 56.24, 'h': 56.24, 'l': 56.06, 't': 1681848000000, 'n': 27}, {'v': 511, 'vw': 56.0476, 'o': 56.225, 'c': 56.03, 'h': 56.225, 'l': 55.865, 't': 1681862400000, 'n': 511}, {'v': 1034, 'vw': 56.0928, 'o': 56.028, 'c': 56.196, 'h': 56.203, 'l': 55.874, 't': 1681876800000, 'n': 1034}, {'v': 2111, 'vw': 56.3631, 'o': 56.19, 'c': 56.45, 'h': 56.511, 'l': 56.063, 't': 1681891200000, 'n': 2111}, {'v': 1418, 'vw': 56.3814, 'o': 56.45, 'c': 56.3, 'h': 56.497, 'l': 56.19, 't': 1681905600000, 'n': 1418}, {'v': 303, 'vw': 56.2662, 'o': 56.287, 'c': 56.233, 'h': 56.31, 'l': 56.172, 't': 1681920000000, 'n': 303}, {'v': 22, 'vw': 56.2454, 'o': 56.235, 'c': 56.295, 'h': 56.31, 'l': 56.218, 't': 1681934400000, 'n': 22}, {'v': 379, 'vw': 56.3224, 'o': 56.303, 'c': 56.328, 'h': 56.411, 'l': 56.2, 't': 1681948800000, 'n': 379}, {'v': 1029, 'vw': 56.2227, 'o': 56.323, 'c': 56.027, 'h': 56.366, 'l': 55.9, 't': 1681963200000, 'n': 1029}, {'v': 1578, 'vw': 56.1125, 'o': 56.03, 'c': 56.107, 'h': 56.176, 'l': 55.92, 't': 1681977600000, 'n': 1578}], 'status': 'OK', 'request_id': '644e8e1763346056c56921cfc21e9beb', 'count': 38, 'next_url': 'https://api.polygon.io/v2/aggs/ticker/C:USDPHP/range/4/hour/1681992000000/2024-01-01?cursor=bGltaXQ9NTAwMCZzb3J0PWFzYw'}
[2025-03-31T08:39:36.723+0000] {logging_mixin.py:190} INFO - {'ticker': 'C:USDPHP', 'queryCount': 5000, 'resultsCount': 50, 'adjusted': True, 'results': [{'v': 1653, 'vw': 55.9004, 'o': 56.101, 'c': 55.886, 'h': 56.18, 'l': 55.741, 't': 1681992000000, 'n': 1653}, {'v': 215, 'vw': 55.867, 'o': 55.85, 'c': 55.88, 'h': 55.917, 'l': 55.67, 't': 1682006400000, 'n': 215}, {'v': 8, 'vw': 55.8794, 'o': 55.885, 'c': 55.93, 'h': 55.93, 'l': 55.795, 't': 1682020800000, 'n': 8}, {'v': 878, 'vw': 55.9224, 'o': 55.915, 'c': 55.933, 'h': 56.004, 'l': 55.83, 't': 1682035200000, 'n': 878}, {'v': 276, 'vw': 55.9546, 'o': 55.933, 'c': 55.941, 'h': 56.028, 'l': 55.91, 't': 1682049600000, 'n': 276}, {'v': 653, 'vw': 55.9366, 'o': 55.943, 'c': 55.932, 'h': 55.998, 'l': 55.552, 't': 1682064000000, 'n': 653}, {'v': 1540, 'vw': 55.8314, 'o': 55.932, 'c': 55.866, 'h': 55.948, 'l': 55.627, 't': 1682078400000, 'n': 1540}, {'v': 163, 'vw': 55.865, 'o': 55.884, 'c': 55.82, 'h': 55.89, 'l': 55.795, 't': 1682092800000, 'n': 163}, {'v': 2, 'vw': 55.7985, 'o': 55.799, 'c': 55.798, 'h': 55.799, 'l': 55.798, 't': 1682107200000, 'n': 2}, {'v': 2, 'vw': 55.8415, 'o': 55.798, 'c': 55.885, 'h': 55.885, 'l': 55.798, 't': 1682280000000, 'n': 2}, {'v': 652, 'vw': 55.9389, 'o': 55.822, 'c': 55.98, 'h': 56.035, 'l': 55.787, 't': 1682294400000, 'n': 652}, {'v': 743, 'vw': 55.8738, 'o': 55.98, 'c': 55.804, 'h': 55.991, 'l': 55.483, 't': 1682308800000, 'n': 743}, {'v': 802, 'vw': 55.7459, 'o': 55.798, 'c': 55.783, 'h': 55.806, 'l': 55.57, 't': 1682323200000, 'n': 802}, {'v': 455, 'vw': 55.7282, 'o': 55.78, 'c': 55.672, 'h': 55.791, 'l': 55.575, 't': 1682337600000, 'n': 455}, {'v': 434, 'vw': 55.6362, 'o': 55.661, 'c': 55.616, 'h': 55.69, 'l': 55.57, 't': 1682352000000, 'n': 434}, {'v': 73, 'vw': 55.6004, 'o': 55.607, 'c': 55.63, 'h': 55.63, 'l': 55.57, 't': 1682366400000, 'n': 73}, {'v': 737, 'vw': 55.5922, 'o': 55.617, 'c': 55.59, 'h': 55.665, 'l': 55.425, 't': 1682380800000, 'n': 737}, {'v': 1192, 'vw': 55.5141, 'o': 55.586, 'c': 55.533, 'h': 55.61, 'l': 55.35, 't': 1682395200000, 'n': 1192}, {'v': 739, 'vw': 55.5488, 'o': 55.531, 'c': 55.587, 'h': 55.592, 'l': 55.43, 't': 1682409600000, 'n': 739}, {'v': 539, 'vw': 55.57, 'o': 55.579, 'c': 55.579, 'h': 55.66, 'l': 55.385, 't': 1682424000000, 'n': 539}, {'v': 221, 'vw': 55.5745, 'o': 55.583, 'c': 55.561, 'h': 55.618, 'l': 55.383, 't': 1682438400000, 'n': 221}, {'v': 100, 'vw': 55.474, 'o': 55.56, 'c': 55.43, 'h': 55.581, 'l': 55.383, 't': 1682452800000, 'n': 100}, {'v': 682, 'vw': 55.6044, 'o': 55.453, 'c': 55.584, 'h': 55.704, 'l': 55.44, 't': 1682467200000, 'n': 682}, {'v': 912, 'vw': 55.5856, 'o': 55.576, 'c': 55.634, 'h': 55.666, 'l': 55.45, 't': 1682481600000, 'n': 912}, {'v': 813, 'vw': 55.6228, 'o': 55.642, 'c': 55.617, 'h': 55.702, 'l': 55.345, 't': 1682496000000, 'n': 813}, {'v': 543, 'vw': 55.5681, 'o': 55.616, 'c': 55.582, 'h': 55.665, 'l': 55.387, 't': 1682510400000, 'n': 543}, {'v': 186, 'vw': 55.5991, 'o': 55.66, 'c': 55.585, 'h': 55.665, 'l': 55.543, 't': 1682524800000, 'n': 186}, {'v': 35, 'vw': 55.534, 'o': 55.58, 'c': 55.555, 'h': 55.588, 'l': 55.402, 't': 1682539200000, 'n': 35}, {'v': 676, 'vw': 55.724, 'o': 55.539, 'c': 55.785, 'h': 55.809, 'l': 55.46, 't': 1682553600000, 'n': 676}, {'v': 966, 'vw': 55.7323, 'o': 55.783, 'c': 55.732, 'h': 55.786, 'l': 55.6, 't': 1682568000000, 'n': 966}, {'v': 434, 'vw': 55.7148, 'o': 55.635, 'c': 55.73, 'h': 55.777, 'l': 54.5, 't': 1682582400000, 'n': 434}, {'v': 358, 'vw': 55.7015, 'o': 55.733, 'c': 55.63, 'h': 55.777, 'l': 55.57, 't': 1682596800000, 'n': 358}, {'v': 183, 'vw': 55.5694, 'o': 55.628, 'c': 55.553, 'h': 55.71, 'l': 55.43, 't': 1682611200000, 'n': 183}, {'v': 14, 'vw': 55.5565, 'o': 55.553, 'c': 55.625, 'h': 55.625, 'l': 55.469, 't': 1682625600000, 'n': 14}, {'v': 882, 'vw': 55.5211, 'o': 55.585, 'c': 55.516, 'h': 55.71, 'l': 55.31, 't': 1682640000000, 'n': 882}, {'v': 968, 'vw': 55.5559, 'o': 55.517, 'c': 55.419, 'h': 55.687, 'l': 55.25, 't': 1682654400000, 'n': 968}, {'v': 527, 'vw': 55.4699, 'o': 55.424, 'c': 55.467, 'h': 55.53, 'l': 55.276, 't': 1682668800000, 'n': 527}, {'v': 438, 'vw': 55.4124, 'o': 55.513, 'c': 55.306, 'h': 55.71, 'l': 55.28, 't': 1682683200000, 'n': 438}, {'v': 166, 'vw': 55.3376, 'o': 55.306, 'c': 55.36, 'h': 55.47, 'l': 55.306, 't': 1682697600000, 'n': 166}, {'v': 8, 'vw': 55.3536, 'o': 55.365, 'c': 55.373, 'h': 55.373, 'l': 55.344, 't': 1682712000000, 'n': 8}, {'v': 1, 'vw': 55.38, 'o': 55.38, 'c': 55.38, 'h': 55.38, 'l': 55.38, 't': 1682755200000, 'n': 1}, {'v': 2, 'vw': 55.425, 'o': 55.38, 'c': 55.47, 'h': 55.47, 'l': 55.38, 't': 1682884800000, 'n': 2}, {'v': 133, 'vw': 55.4718, 'o': 55.38, 'c': 55.535, 'h': 55.535, 'l': 55.313, 't': 1682899200000, 'n': 133}, {'v': 196, 'vw': 55.3709, 'o': 55.485, 'c': 55.425, 'h': 55.495, 'l': 55.263, 't': 1682913600000, 'n': 196}, {'v': 76, 'vw': 55.4609, 'o': 55.426, 'c': 55.458, 'h': 55.503, 'l': 55.206, 't': 1682928000000, 'n': 76}, {'v': 404, 'vw': 55.4614, 'o': 55.455, 'c': 55.504, 'h': 55.533, 'l': 55.245, 't': 1682942400000, 'n': 404}, {'v': 81, 'vw': 55.5109, 'o': 55.497, 'c': 55.528, 'h': 55.563, 'l': 55.483, 't': 1682956800000, 'n': 81}, {'v': 10, 'vw': 55.4826, 'o': 55.49, 'c': 55.528, 'h': 55.528, 'l': 55.395, 't': 1682971200000, 'n': 10}, {'v': 552, 'vw': 55.3903, 'o': 55.52, 'c': 55.403, 'h': 55.531, 'l': 55.307, 't': 1682985600000, 'n': 552}, {'v': 896, 'vw': 55.3576, 'o': 55.402, 'c': 55.369, 'h': 55.434, 'l': 55.16, 't': 1683000000000, 'n': 896}], 'status': 'OK', 'request_id': '1fc519f9cf3c6cfa8071b1f614a78953', 'count': 50, 'next_url': 'https://api.polygon.io/v2/aggs/ticker/C:USDPHP/range/4/hour/1683014400000/2024-01-01?cursor=bGltaXQ9NTAwMCZzb3J0PWFzYw'}
[2025-03-31T08:40:04.062+0000] {logging_mixin.py:190} INFO - {'ticker': 'C:USDPHP', 'queryCount': 5000, 'resultsCount': 43, 'adjusted': True, 'results': [{'v': 565, 'vw': 55.3876, 'o': 55.371, 'c': 55.372, 'h': 55.476, 'l': 55.235, 't': 1683014400000, 'n': 565}, {'v': 1204, 'vw': 55.3993, 'o': 55.374, 'c': 55.403, 'h': 55.5, 'l': 55.278, 't': 1683028800000, 'n': 1204}, {'v': 230, 'vw': 55.3941, 'o': 55.401, 'c': 55.377, 'h': 55.419, 'l': 55.295, 't': 1683043200000, 'n': 230}, {'v': 7, 'vw': 55.3853, 'o': 55.382, 'c': 55.42, 'h': 55.42, 'l': 55.3, 't': 1683057600000, 'n': 7}, {'v': 553, 'vw': 55.303, 'o': 55.428, 'c': 55.309, 'h': 55.428, 'l': 55.165, 't': 1683072000000, 'n': 553}, {'v': 584, 'vw': 55.3422, 'o': 55.311, 'c': 55.395, 'h': 55.395, 'l': 55.215, 't': 1683086400000, 'n': 584}, {'v': 1088, 'vw': 55.3082, 'o': 55.396, 'c': 55.301, 'h': 55.396, 'l': 54.045, 't': 1683100800000, 'n': 1088}, {'v': 976, 'vw': 55.2836, 'o': 55.303, 'c': 55.262, 'h': 55.312, 'l': 55.153, 't': 1683115200000, 'n': 976}, {'v': 225, 'vw': 55.2474, 'o': 55.261, 'c': 55.288, 'h': 55.306, 'l': 54.461, 't': 1683129600000, 'n': 225}, {'v': 8, 'vw': 55.2735, 'o': 55.293, 'c': 55.325, 'h': 55.325, 'l': 55.22, 't': 1683144000000, 'n': 8}, {'v': 556, 'vw': 55.1646, 'o': 55.285, 'c': 55.243, 'h': 55.285, 'l': 55.055, 't': 1683158400000, 'n': 556}, {'v': 517, 'vw': 55.26, 'o': 55.244, 'c': 55.343, 'h': 55.345, 'l': 55.11, 't': 1683172800000, 'n': 517}, {'v': 1193, 'vw': 55.3492, 'o': 55.338, 'c': 55.331, 'h': 55.471, 'l': 53.924, 't': 1683187200000, 'n': 1193}, {'v': 1022, 'vw': 55.3561, 'o': 55.242, 'c': 55.405, 'h': 55.443, 'l': 55.23, 't': 1683201600000, 'n': 1022}, {'v': 307, 'vw': 55.4054, 'o': 55.373, 'c': 55.395, 'h': 55.432, 'l': 55.28, 't': 1683216000000, 'n': 307}, {'v': 18, 'vw': 55.3854, 'o': 55.392, 'c': 55.425, 'h': 55.425, 'l': 55.28, 't': 1683230400000, 'n': 18}, {'v': 751, 'vw': 55.2825, 'o': 55.41, 'c': 55.228, 'h': 55.416, 'l': 55.135, 't': 1683244800000, 'n': 751}, {'v': 825, 'vw': 55.2346, 'o': 55.145, 'c': 55.311, 'h': 55.329, 'l': 55.045, 't': 1683259200000, 'n': 825}, {'v': 941, 'vw': 55.2201, 'o': 55.312, 'c': 55.207, 'h': 55.317, 'l': 54.029, 't': 1683273600000, 'n': 941}, {'v': 1251, 'vw': 55.3215, 'o': 55.209, 'c': 55.31, 'h': 55.422, 'l': 54.906, 't': 1683288000000, 'n': 1251}, {'v': 171, 'vw': 55.315, 'o': 55.317, 'c': 55.355, 'h': 55.358, 'l': 55.13, 't': 1683302400000, 'n': 171}, {'v': 22, 'vw': 55.2524, 'o': 55.357, 'c': 55.211, 'h': 55.365, 'l': 55.211, 't': 1683316800000, 'n': 22}, {'v': 1, 'vw': 55.211, 'o': 55.211, 'c': 55.211, 'h': 55.211, 'l': 55.211, 't': 1683489600000, 'n': 1}, {'v': 512, 'vw': 55.2892, 'o': 55.295, 'c': 55.269, 'h': 55.413, 'l': 55.182, 't': 1683504000000, 'n': 512}, {'v': 438, 'vw': 55.2797, 'o': 55.281, 'c': 55.295, 'h': 55.314, 'l': 55.135, 't': 1683518400000, 'n': 438}, {'v': 677, 'vw': 55.27, 'o': 55.297, 'c': 55.274, 'h': 55.32, 'l': 55.13, 't': 1683532800000, 'n': 677}, {'v': 609, 'vw': 55.2912, 'o': 55.273, 'c': 55.337, 'h': 55.338, 'l': 55.182, 't': 1683547200000, 'n': 609}, {'v': 333, 'vw': 55.3875, 'o': 55.334, 'c': 55.446, 'h': 55.474, 'l': 55.18, 't': 1683561600000, 'n': 333}, {'v': 21, 'vw': 55.4048, 'o': 55.444, 'c': 55.435, 'h': 55.45, 'l': 55.18, 't': 1683576000000, 'n': 21}, {'v': 892, 'vw': 55.5504, 'o': 55.443, 'c': 55.616, 'h': 55.653, 'l': 55.24, 't': 1683590400000, 'n': 892}, {'v': 919, 'vw': 55.7062, 'o': 55.618, 'c': 55.755, 'h': 55.841, 'l': 55.435, 't': 1683604800000, 'n': 919}, {'v': 1071, 'vw': 55.758, 'o': 55.757, 'c': 55.734, 'h': 55.82, 'l': 55.637, 't': 1683619200000, 'n': 1071}, {'v': 1577, 'vw': 55.7854, 'o': 55.743, 'c': 55.792, 'h': 55.869, 'l': 55.659, 't': 1683633600000, 'n': 1577}, {'v': 134, 'vw': 55.7962, 'o': 55.795, 'c': 55.799, 'h': 55.821, 'l': 55.69, 't': 1683648000000, 'n': 134}, {'v': 31, 'vw': 55.7858, 'o': 55.803, 'c': 55.765, 'h': 55.875, 'l': 55.69, 't': 1683662400000, 'n': 31}, {'v': 748, 'vw': 55.7903, 'o': 55.76, 'c': 55.815, 'h': 55.874, 'l': 55.59, 't': 1683676800000, 'n': 748}, {'v': 775, 'vw': 55.7364, 'o': 55.82, 'c': 55.668, 'h': 55.834, 'l': 55.585, 't': 1683691200000, 'n': 775}, {'v': 1128, 'vw': 55.6818, 'o': 55.665, 'c': 55.694, 'h': 55.765, 'l': 55.525, 't': 1683705600000, 'n': 1128}, {'v': 1453, 'vw': 55.6217, 'o': 55.693, 'c': 55.64, 'h': 55.721, 'l': 55.473, 't': 1683720000000, 'n': 1453}, {'v': 177, 'vw': 55.6675, 'o': 55.675, 'c': 55.68, 'h': 55.8, 'l': 55.595, 't': 1683734400000, 'n': 177}, {'v': 42, 'vw': 55.6232, 'o': 55.67, 'c': 55.625, 'h': 55.68, 'l': 55.597, 't': 1683748800000, 'n': 42}, {'v': 695, 'vw': 55.6518, 'o': 55.61, 'c': 55.707, 'h': 55.741, 'l': 55.455, 't': 1683763200000, 'n': 695}, {'v': 827, 'vw': 55.7102, 'o': 55.708, 'c': 55.767, 'h': 55.801, 'l': 55.53, 't': 1683777600000, 'n': 827}], 'status': 'OK', 'request_id': 'c34830943fb4ce70d70a7e1d26760212', 'count': 43, 'next_url': 'https://api.polygon.io/v2/aggs/ticker/C:USDPHP/range/4/hour/1683792000000/2024-01-01?cursor=bGltaXQ9NTAwMCZzb3J0PWFzYw'}
[2025-03-31T08:40:15.227+0000] {logging_mixin.py:190} INFO - {'ticker': 'C:USDPHP', 'queryCount': 5000, 'resultsCount': 44, 'adjusted': True, 'results': [{'v': 1074, 'vw': 55.6769, 'o': 55.774, 'c': 55.67, 'h': 55.838, 'l': 54.419, 't': 1683792000000, 'n': 1074}, {'v': 890, 'vw': 55.724, 'o': 55.671, 'c': 55.782, 'h': 55.835, 'l': 55.554, 't': 1683806400000, 'n': 890}, {'v': 80, 'vw': 55.785, 'o': 55.774, 'c': 55.782, 'h': 55.836, 'l': 55.57, 't': 1683820800000, 'n': 80}, {'v': 17, 'vw': 55.7863, 'o': 55.788, 'c': 55.85, 'h': 55.85, 'l': 55.64, 't': 1683835200000, 'n': 17}, {'v': 1027, 'vw': 55.9131, 'o': 55.835, 'c': 55.8, 'h': 56.005, 'l': 55.66, 't': 1683849600000, 'n': 1027}, {'v': 938, 'vw': 55.7645, 'o': 55.796, 'c': 55.827, 'h': 55.848, 'l': 55.57, 't': 1683864000000, 'n': 938}, {'v': 1376, 'vw': 55.8329, 'o': 55.838, 'c': 55.808, 'h': 55.939, 'l': 55.616, 't': 1683878400000, 'n': 1376}, {'v': 1210, 'vw': 55.8271, 'o': 55.808, 'c': 55.872, 'h': 55.893, 'l': 55.606, 't': 1683892800000, 'n': 1210}, {'v': 211, 'vw': 55.8515, 'o': 55.862, 'c': 55.86, 'h': 55.888, 'l': 55.761, 't': 1683907200000, 'n': 211}, {'v': 10, 'vw': 55.8714, 'o': 55.861, 'c': 55.895, 'h': 55.895, 'l': 55.86, 't': 1683921600000, 'n': 10}, {'v': 1, 'vw': 55.764, 'o': 55.764, 'c': 55.764, 'h': 55.764, 'l': 55.764, 't': 1684008000000, 'n': 1}, {'v': 2, 'vw': 55.809, 'o': 55.764, 'c': 55.854, 'h': 55.854, 'l': 55.764, 't': 1684094400000, 'n': 2}, {'v': 496, 'vw': 55.9407, 'o': 55.764, 'c': 55.997, 'h': 56.001, 'l': 55.764, 't': 1684108800000, 'n': 496}, {'v': 870, 'vw': 55.9817, 'o': 55.99, 'c': 56.075, 'h': 56.108, 'l': 55.81, 't': 1684123200000, 'n': 870}, {'v': 1300, 'vw': 56.0876, 'o': 56.077, 'c': 56.059, 'h': 56.228, 'l': 55.849, 't': 1684137600000, 'n': 1300}, {'v': 677, 'vw': 56.0377, 'o': 56.056, 'c': 56.022, 'h': 56.065, 'l': 55.77, 't': 1684152000000, 'n': 677}, {'v': 160, 'vw': 56.015, 'o': 56.011, 'c': 56.005, 'h': 56.033, 'l': 55.925, 't': 1684166400000, 'n': 160}, {'v': 15, 'vw': 56.003, 'o': 56.001, 'c': 56.068, 'h': 56.068, 'l': 55.925, 't': 1684180800000, 'n': 15}, {'v': 888, 'vw': 56.1376, 'o': 56.06, 'c': 56.136, 'h': 56.285, 'l': 55.915, 't': 1684195200000, 'n': 888}, {'v': 905, 'vw': 56.1811, 'o': 56.144, 'c': 56.04, 'h': 56.262, 'l': 55.99, 't': 1684209600000, 'n': 905}, {'v': 1616, 'vw': 56.0696, 'o': 56.036, 'c': 56.054, 'h': 56.15, 'l': 55.935, 't': 1684224000000, 'n': 1616}, {'v': 1688, 'vw': 56.0879, 'o': 56.056, 'c': 56.149, 'h': 56.172, 'l': 55.962, 't': 1684238400000, 'n': 1688}, {'v': 147, 'vw': 56.1611, 'o': 56.147, 'c': 56.166, 'h': 56.193, 'l': 55.99, 't': 1684252800000, 'n': 147}, {'v': 33, 'vw': 56.143, 'o': 56.118, 'c': 56.183, 'h': 56.259, 'l': 55.93, 't': 1684267200000, 'n': 33}, {'v': 853, 'vw': 56.1617, 'o': 56.187, 'c': 56.2, 'h': 56.229, 'l': 55.98, 't': 1684281600000, 'n': 853}, {'v': 821, 'vw': 56.1595, 'o': 56.198, 'c': 56.196, 'h': 56.251, 'l': 55.97, 't': 1684296000000, 'n': 821}, {'v': 1386, 'vw': 56.1388, 'o': 56.19, 'c': 56.125, 'h': 56.25, 'l': 54.923, 't': 1684310400000, 'n': 1386}, {'v': 1462, 'vw': 56.099, 'o': 56.126, 'c': 56.114, 'h': 56.154, 'l': 55.967, 't': 1684324800000, 'n': 1462}, {'v': 374, 'vw': 56.0756, 'o': 56.118, 'c': 56.013, 'h': 56.118, 'l': 55.978, 't': 1684339200000, 'n': 374}, {'v': 41, 'vw': 56.0206, 'o': 56.018, 'c': 56.018, 'h': 56.09, 'l': 55.987, 't': 1684353600000, 'n': 41}, {'v': 1205, 'vw': 55.9737, 'o': 56.003, 'c': 55.956, 'h': 56.08, 'l': 55.825, 't': 1684368000000, 'n': 1205}, {'v': 1099, 'vw': 55.96, 'o': 55.957, 'c': 55.87, 'h': 56.068, 'l': 55.773, 't': 1684382400000, 'n': 1099}, {'v': 1529, 'vw': 55.7794, 'o': 55.871, 'c': 55.782, 'h': 55.876, 'l': 55.632, 't': 1684396800000, 'n': 1529}, {'v': 1499, 'vw': 55.8268, 'o': 55.782, 'c': 55.797, 'h': 56.08, 'l': 55.688, 't': 1684411200000, 'n': 1499}, {'v': 298, 'vw': 55.794, 'o': 55.808, 'c': 55.781, 'h': 55.84, 'l': 55.69, 't': 1684425600000, 'n': 298}, {'v': 11, 'vw': 55.7815, 'o': 55.759, 'c': 55.81, 'h': 55.81, 'l': 55.69, 't': 1684440000000, 'n': 11}, {'v': 779, 'vw': 55.7133, 'o': 55.797, 'c': 55.753, 'h': 55.827, 'l': 55.58, 't': 1684454400000, 'n': 779}, {'v': 842, 'vw': 55.704, 'o': 55.754, 'c': 55.661, 'h': 55.802, 'l': 55.445, 't': 1684468800000, 'n': 842}, {'v': 1539, 'vw': 55.7022, 'o': 55.651, 'c': 55.733, 'h': 55.834, 'l': 53.354, 't': 1684483200000, 'n': 1539}, {'v': 1118, 'vw': 55.7423, 'o': 55.749, 'c': 55.646, 'h': 55.823, 'l': 55.565, 't': 1684497600000, 'n': 1118}, {'v': 394, 'vw': 55.6242, 'o': 55.618, 'c': 55.681, 'h': 55.694, 'l': 55.525, 't': 1684512000000, 'n': 394}, {'v': 14, 'vw': 55.6748, 'o': 55.728, 'c': 56.06, 'h': 56.06, 'l': 55.525, 't': 1684526400000, 'n': 14}, {'v': 1, 'vw': 55.549, 'o': 55.549, 'c': 55.549, 'h': 55.549, 'l': 55.549, 't': 1684569600000, 'n': 1}, {'v': 2, 'vw': 55.594, 'o': 55.549, 'c': 55.639, 'h': 55.639, 'l': 55.549, 't': 1684699200000, 'n': 2}], 'status': 'OK', 'request_id': 'baa79ab8d15139a0569f3d1bd074f003', 'count': 44, 'next_url': 'https://api.polygon.io/v2/aggs/ticker/C:USDPHP/range/4/hour/1684713600000/2024-01-01?cursor=bGltaXQ9NTAwMCZzb3J0PWFzYw'}
[2025-03-31T08:41:15.259+0000] {logging_mixin.py:190} INFO - {'ticker': 'C:USDPHP', 'queryCount': 5000, 'resultsCount': 44, 'adjusted': True, 'results': [{'v': 612, 'vw': 55.7879, 'o': 55.646, 'c': 55.759, 'h': 55.871, 'l': 55.549, 't': 1684713600000, 'n': 612}, {'v': 859, 'vw': 55.8043, 'o': 55.758, 'c': 55.819, 'h': 55.865, 'l': 55.661, 't': 1684728000000, 'n': 859}, {'v': 838, 'vw': 55.7575, 'o': 55.822, 'c': 55.756, 'h': 55.835, 'l': 53.426, 't': 1684742400000, 'n': 838}, {'v': 919, 'vw': 55.7332, 'o': 55.755, 'c': 55.715, 'h': 56.06, 'l': 55.602, 't': 1684756800000, 'n': 919}, {'v': 591, 'vw': 55.6443, 'o': 55.62, 'c': 55.562, 'h': 55.715, 'l': 55.54, 't': 1684771200000, 'n': 591}, {'v': 37, 'vw': 55.5579, 'o': 55.565, 'c': 55.556, 'h': 55.608, 'l': 55.527, 't': 1684785600000, 'n': 37}, {'v': 829, 'vw': 55.6564, 'o': 55.56, 'c': 55.586, 'h': 55.725, 'l': 55.5, 't': 1684800000000, 'n': 829}, {'v': 734, 'vw': 55.6352, 'o': 55.587, 'c': 55.716, 'h': 55.726, 'l': 55.485, 't': 1684814400000, 'n': 734}, {'v': 1249, 'vw': 55.7288, 'o': 55.717, 'c': 55.705, 'h': 55.805, 'l': 55.611, 't': 1684828800000, 'n': 1249}, {'v': 1005, 'vw': 55.7211, 'o': 55.702, 'c': 55.727, 'h': 55.779, 'l': 55.611, 't': 1684843200000, 'n': 1005}, {'v': 225, 'vw': 55.7407, 'o': 55.732, 'c': 55.751, 'h': 55.781, 'l': 55.638, 't': 1684857600000, 'n': 225}, {'v': 25, 'vw': 55.7452, 'o': 55.747, 'c': 55.818, 'h': 55.818, 'l': 55.635, 't': 1684872000000, 'n': 25}, {'v': 602, 'vw': 55.7522, 'o': 55.81, 'c': 55.737, 'h': 55.843, 'l': 55.63, 't': 1684886400000, 'n': 602}, {'v': 779, 'vw': 55.756, 'o': 55.738, 'c': 55.776, 'h': 55.806, 'l': 55.62, 't': 1684900800000, 'n': 779}, {'v': 1153, 'vw': 55.7335, 'o': 55.778, 'c': 55.737, 'h': 55.779, 'l': 55.354, 't': 1684915200000, 'n': 1153}, {'v': 1250, 'vw': 55.6896, 'o': 55.736, 'c': 55.729, 'h': 55.761, 'l': 55.559, 't': 1684929600000, 'n': 1250}, {'v': 286, 'vw': 55.7264, 'o': 55.733, 'c': 55.688, 'h': 55.773, 'l': 55.628, 't': 1684944000000, 'n': 286}, {'v': 29, 'vw': 55.6871, 'o': 55.683, 'c': 55.7, 'h': 55.745, 'l': 55.635, 't': 1684958400000, 'n': 29}, {'v': 963, 'vw': 55.8801, 'o': 55.722, 'c': 55.94, 'h': 55.989, 'l': 55.65, 't': 1684972800000, 'n': 963}, {'v': 675, 'vw': 55.9895, 'o': 55.936, 'c': 56.061, 'h': 56.162, 'l': 55.744, 't': 1684987200000, 'n': 675}, {'v': 1228, 'vw': 56.0026, 'o': 56.058, 'c': 56.015, 'h': 56.058, 'l': 55.851, 't': 1685001600000, 'n': 1228}, {'v': 851, 'vw': 56.0131, 'o': 56.009, 'c': 56.054, 'h': 56.061, 'l': 55.898, 't': 1685016000000, 'n': 851}, {'v': 191, 'vw': 56.0727, 'o': 56.051, 'c': 56.066, 'h': 56.122, 'l': 55.957, 't': 1685030400000, 'n': 191}, {'v': 20, 'vw': 56.067, 'o': 56.064, 'c': 56.08, 'h': 56.08, 'l': 56.032, 't': 1685044800000, 'n': 20}, {'v': 380, 'vw': 55.9267, 'o': 56.088, 'c': 55.909, 'h': 56.122, 'l': 55.76, 't': 1685059200000, 'n': 380}, {'v': 716, 'vw': 55.7928, 'o': 55.911, 'c': 55.814, 'h': 55.914, 'l': 55.575, 't': 1685073600000, 'n': 716}, {'v': 1029, 'vw': 55.8177, 'o': 55.812, 'c': 55.817, 'h': 55.924, 'l': 55.679, 't': 1685088000000, 'n': 1029}, {'v': 274, 'vw': 55.784, 'o': 55.848, 'c': 55.828, 'h': 56.12, 'l': 55.712, 't': 1685102400000, 'n': 274}, {'v': 184, 'vw': 55.83, 'o': 55.767, 'c': 55.817, 'h': 55.907, 'l': 55.718, 't': 1685116800000, 'n': 184}, {'v': 10, 'vw': 55.8103, 'o': 55.817, 'c': 55.828, 'h': 55.828, 'l': 55.793, 't': 1685131200000, 'n': 10}, {'v': 1, 'vw': 55.825, 'o': 55.825, 'c': 55.825, 'h': 55.825, 'l': 55.825, 't': 1685289600000, 'n': 1}, {'v': 2, 'vw': 55.87, 'o': 55.825, 'c': 55.915, 'h': 55.915, 'l': 55.825, 't': 1685304000000, 'n': 2}, {'v': 471, 'vw': 55.9472, 'o': 55.8, 'c': 56.048, 'h': 56.049, 'l': 55.8, 't': 1685318400000, 'n': 471}, {'v': 521, 'vw': 56.0724, 'o': 56.046, 'c': 56.13, 'h': 56.147, 'l': 55.925, 't': 1685332800000, 'n': 521}, {'v': 430, 'vw': 56.0583, 'o': 56.132, 'c': 56.035, 'h': 56.132, 'l': 55.924, 't': 1685347200000, 'n': 430}, {'v': 229, 'vw': 56.0444, 'o': 56.018, 'c': 56.075, 'h': 56.095, 'l': 55.943, 't': 1685361600000, 'n': 229}, {'v': 21, 'vw': 56.0591, 'o': 56.076, 'c': 56.055, 'h': 56.076, 'l': 55.976, 't': 1685376000000, 'n': 21}, {'v': 10, 'vw': 56.0553, 'o': 56.035, 'c': 56.126, 'h': 56.126, 'l': 55.976, 't': 1685390400000, 'n': 10}, {'v': 683, 'vw': 56.154, 'o': 56.11, 'c': 56.234, 'h': 56.304, 'l': 55.94, 't': 1685404800000, 'n': 683}, {'v': 933, 'vw': 56.4078, 'o': 56.15, 'c': 56.469, 'h': 56.525, 'l': 56.15, 't': 1685419200000, 'n': 933}, {'v': 1189, 'vw': 56.3496, 'o': 56.465, 'c': 56.279, 'h': 56.465, 'l': 56.191, 't': 1685433600000, 'n': 1189}, {'v': 1011, 'vw': 56.293, 'o': 56.276, 'c': 56.316, 'h': 56.326, 'l': 56.185, 't': 1685448000000, 'n': 1011}, {'v': 118, 'vw': 56.3003, 'o': 56.313, 'c': 56.279, 'h': 56.316, 'l': 56.213, 't': 1685462400000, 'n': 118}, {'v': 11, 'vw': 56.2825, 'o': 56.282, 'c': 56.308, 'h': 56.35, 'l': 56.225, 't': 1685476800000, 'n': 11}], 'status': 'OK', 'request_id': 'e7aefb6c96cf782bada9e74ba34a10b5', 'count': 44, 'next_url': 'https://api.polygon.io/v2/aggs/ticker/C:USDPHP/range/4/hour/1685491200000/2024-01-01?cursor=bGltaXQ9NTAwMCZzb3J0PWFzYw'}
[2025-03-31T08:41:17.646+0000] {logging_mixin.py:190} INFO - {'ticker': 'C:USDPHP', 'queryCount': 5000, 'resultsCount': 40, 'adjusted': True, 'results': [{'v': 635, 'vw': 56.299, 'o': 56.293, 'c': 56.24, 'h': 56.379, 'l': 56.08, 't': 1685491200000, 'n': 635}, {'v': 754, 'vw': 56.1876, 'o': 56.246, 'c': 56.2, 'h': 56.306, 'l': 56.005, 't': 1685505600000, 'n': 754}, {'v': 1163, 'vw': 56.1838, 'o': 56.202, 'c': 56.202, 'h': 56.278, 'l': 55.781, 't': 1685520000000, 'n': 1163}, {'v': 2667, 'vw': 56.2347, 'o': 56.202, 'c': 56.343, 'h': 56.408, 'l': 56.136, 't': 1685534400000, 'n': 2667}, {'v': 209, 'vw': 56.2964, 'o': 56.346, 'c': 56.278, 'h': 56.363, 'l': 56.17, 't': 1685548800000, 'n': 209}, {'v': 18, 'vw': 56.2803, 'o': 56.275, 'c': 56.341, 'h': 56.341, 'l': 56.232, 't': 1685563200000, 'n': 18}, {'v': 521, 'vw': 56.2001, 'o': 56.32, 'c': 56.199, 'h': 56.353, 'l': 56.06, 't': 1685577600000, 'n': 521}, {'v': 640, 'vw': 56.2447, 'o': 56.198, 'c': 56.261, 'h': 56.336, 'l': 56.078, 't': 1685592000000, 'n': 640}, {'v': 1390, 'vw': 56.1611, 'o': 56.26, 'c': 56.118, 'h': 56.28, 'l': 56.013, 't': 1685606400000, 'n': 1390}, {'v': 1199, 'vw': 56.0968, 'o': 56.116, 'c': 56.033, 'h': 56.159, 'l': 55.947, 't': 1685620800000, 'n': 1199}, {'v': 452, 'vw': 56.0409, 'o': 56.034, 'c': 56.009, 'h': 56.083, 'l': 55.953, 't': 1685635200000, 'n': 452}, {'v': 27, 'vw': 56.01, 'o': 56.008, 'c': 56.066, 'h': 56.066, 'l': 55.982, 't': 1685649600000, 'n': 27}, {'v': 537, 'vw': 55.9461, 'o': 56.058, 'c': 55.909, 'h': 56.066, 'l': 55.855, 't': 1685664000000, 'n': 537}, {'v': 555, 'vw': 55.9415, 'o': 55.904, 'c': 55.957, 'h': 55.989, 'l': 55.795, 't': 1685678400000, 'n': 555}, {'v': 830, 'vw': 55.8321, 'o': 55.954, 'c': 55.846, 'h': 55.959, 'l': 55.658, 't': 1685692800000, 'n': 830}, {'v': 1046, 'vw': 55.9194, 'o': 55.846, 'c': 55.959, 'h': 55.986, 'l': 55.723, 't': 1685707200000, 'n': 1046}, {'v': 208, 'vw': 55.978, 'o': 55.959, 'c': 55.987, 'h': 56.06, 'l': 55.768, 't': 1685721600000, 'n': 208}, {'v': 3, 'vw': 55.9963, 'o': 55.978, 'c': 56.018, 'h': 56.018, 'l': 55.978, 't': 1685736000000, 'n': 3}, {'v': 1, 'vw': 55.923, 'o': 55.923, 'c': 55.923, 'h': 55.923, 'l': 55.923, 't': 1685793600000, 'n': 1}, {'v': 2, 'vw': 55.968, 'o': 55.923, 'c': 56.013, 'h': 56.013, 'l': 55.923, 't': 1685908800000, 'n': 2}, {'v': 557, 'vw': 56.1043, 'o': 56.058, 'c': 56.092, 'h': 56.184, 'l': 55.923, 't': 1685923200000, 'n': 557}, {'v': 729, 'vw': 56.1879, 'o': 56.093, 'c': 56.204, 'h': 56.256, 'l': 56.035, 't': 1685937600000, 'n': 729}, {'v': 1164, 'vw': 56.2232, 'o': 56.202, 'c': 56.173, 'h': 56.325, 'l': 56.048, 't': 1685952000000, 'n': 1164}, {'v': 1657, 'vw': 56.1637, 'o': 56.175, 'c': 56.194, 'h': 56.226, 'l': 55.985, 't': 1685966400000, 'n': 1657}, {'v': 428, 'vw': 56.1762, 'o': 56.175, 'c': 56.163, 'h': 56.209, 'l': 56.095, 't': 1685980800000, 'n': 428}, {'v': 28, 'vw': 56.163, 'o': 56.161, 'c': 56.022, 'h': 56.26, 'l': 56.01, 't': 1685995200000, 'n': 28}, {'v': 400, 'vw': 56.2009, 'o': 56.045, 'c': 56.227, 'h': 56.264, 'l': 56.045, 't': 1686009600000, 'n': 400}, {'v': 702, 'vw': 56.2194, 'o': 56.223, 'c': 56.256, 'h': 56.294, 'l': 56.065, 't': 1686024000000, 'n': 702}, {'v': 988, 'vw': 56.2313, 'o': 56.253, 'c': 56.217, 'h': 56.257, 'l': 56.095, 't': 1686038400000, 'n': 988}, {'v': 1401, 'vw': 56.2041, 'o': 56.218, 'c': 56.15, 'h': 56.267, 'l': 55.982, 't': 1686052800000, 'n': 1401}, {'v': 433, 'vw': 56.118, 'o': 56.052, 'c': 56.11, 'h': 56.18, 'l': 56.031, 't': 1686067200000, 'n': 433}, {'v': 31, 'vw': 56.1011, 'o': 56.115, 'c': 56.097, 'h': 56.18, 'l': 56.06, 't': 1686081600000, 'n': 31}, {'v': 484, 'vw': 56.0837, 'o': 56.088, 'c': 56.119, 'h': 56.151, 'l': 55.92, 't': 1686096000000, 'n': 484}, {'v': 570, 'vw': 56.1472, 'o': 56.118, 'c': 56.092, 'h': 56.195, 'l': 56.005, 't': 1686110400000, 'n': 570}, {'v': 1361, 'vw': 56.0195, 'o': 56.064, 'c': 56.008, 'h': 56.097, 'l': 55.799, 't': 1686124800000, 'n': 1361}, {'v': 1761, 'vw': 55.9702, 'o': 56.001, 'c': 56.035, 'h': 56.18, 'l': 55.847, 't': 1686139200000, 'n': 1761}, {'v': 314, 'vw': 56.0858, 'o': 56.037, 'c': 56.078, 'h': 56.167, 'l': 55.938, 't': 1686153600000, 'n': 314}, {'v': 67, 'vw': 56.0743, 'o': 56.079, 'c': 56.135, 'h': 56.135, 'l': 56.018, 't': 1686168000000, 'n': 67}, {'v': 476, 'vw': 56.1392, 'o': 56.113, 'c': 56.21, 'h': 56.21, 'l': 56.01, 't': 1686182400000, 'n': 476}, {'v': 537, 'vw': 56.1338, 'o': 56.201, 'c': 56.143, 'h': 56.206, 'l': 55.98, 't': 1686196800000, 'n': 537}], 'status': 'OK', 'request_id': '3ab1f8f2b15f21025c43916fe20aa76e', 'count': 40, 'next_url': 'https://api.polygon.io/v2/aggs/ticker/C:USDPHP/range/4/hour/1686211200000/2024-01-01?cursor=bGltaXQ9NTAwMCZzb3J0PWFzYw'}
[2025-03-31T08:42:01.518+0000] {logging_mixin.py:190} INFO - {'ticker': 'C:USDPHP', 'queryCount': 5000, 'resultsCount': 43, 'adjusted': True, 'results': [{'v': 1092, 'vw': 56.0987, 'o': 56.148, 'c': 56.068, 'h': 56.206, 'l': 55.857, 't': 1686211200000, 'n': 1092}, {'v': 846, 'vw': 56.0066, 'o': 56.062, 'c': 56.004, 'h': 56.101, 'l': 55.911, 't': 1686225600000, 'n': 846}, {'v': 243, 'vw': 55.9901, 'o': 55.986, 'c': 55.983, 'h': 56.011, 'l': 55.902, 't': 1686240000000, 'n': 243}, {'v': 27, 'vw': 55.9936, 'o': 55.986, 'c': 56.06, 'h': 56.06, 'l': 55.903, 't': 1686254400000, 'n': 27}, {'v': 463, 'vw': 55.9788, 'o': 56.052, 'c': 56.028, 'h': 56.052, 'l': 55.825, 't': 1686268800000, 'n': 463}, {'v': 537, 'vw': 56.003, 'o': 55.933, 'c': 56.047, 'h': 56.066, 'l': 55.86, 't': 1686283200000, 'n': 537}, {'v': 1659, 'vw': 56.0606, 'o': 56.043, 'c': 56.046, 'h': 56.114, 'l': 55.94, 't': 1686297600000, 'n': 1659}, {'v': 883, 'vw': 56.0302, 'o': 56.048, 'c': 56.079, 'h': 56.085, 'l': 55.919, 't': 1686312000000, 'n': 883}, {'v': 121, 'vw': 56.0353, 'o': 56.033, 'c': 56.029, 'h': 56.082, 'l': 55.932, 't': 1686326400000, 'n': 121}, {'v': 4, 'vw': 55.971, 'o': 55.951, 'c': 55.961, 'h': 56.011, 'l': 55.951, 't': 1686340800000, 'n': 4}, {'v': 1, 'vw': 55.98, 'o': 55.98, 'c': 55.98, 'h': 55.98, 'l': 55.98, 't': 1686355200000, 'n': 1}, {'v': 2, 'vw': 56.025, 'o': 55.98, 'c': 56.07, 'h': 56.07, 'l': 55.98, 't': 1686513600000, 'n': 2}, {'v': 158, 'vw': 56.0776, 'o': 56.046, 'c': 56.025, 'h': 56.136, 'l': 55.954, 't': 1686528000000, 'n': 158}, {'v': 404, 'vw': 56.0763, 'o': 56.026, 'c': 56.049, 'h': 56.104, 'l': 55.96, 't': 1686542400000, 'n': 404}, {'v': 1053, 'vw': 56.0032, 'o': 56.051, 'c': 56.032, 'h': 56.051, 'l': 55.887, 't': 1686556800000, 'n': 1053}, {'v': 803, 'vw': 56.0376, 'o': 56.031, 'c': 56.071, 'h': 56.101, 'l': 55.935, 't': 1686571200000, 'n': 803}, {'v': 188, 'vw': 56.0736, 'o': 55.98, 'c': 56.04, 'h': 56.109, 'l': 55.98, 't': 1686585600000, 'n': 188}, {'v': 42, 'vw': 56.0373, 'o': 56.039, 'c': 56.066, 'h': 56.066, 'l': 55.975, 't': 1686600000000, 'n': 42}, {'v': 449, 'vw': 56.0641, 'o': 56.011, 'c': 56.022, 'h': 56.134, 'l': 55.915, 't': 1686614400000, 'n': 449}, {'v': 933, 'vw': 55.9851, 'o': 56.02, 'c': 55.904, 'h': 56.037, 'l': 55.835, 't': 1686628800000, 'n': 933}, {'v': 1434, 'vw': 55.8833, 'o': 55.905, 'c': 55.857, 'h': 55.958, 'l': 55.749, 't': 1686643200000, 'n': 1434}, {'v': 2346, 'vw': 55.7846, 'o': 55.856, 'c': 55.828, 'h': 55.865, 'l': 55.486, 't': 1686657600000, 'n': 2346}, {'v': 179, 'vw': 55.8401, 'o': 55.827, 'c': 55.845, 'h': 56.07, 'l': 55.734, 't': 1686672000000, 'n': 179}, {'v': 12, 'vw': 55.8473, 'o': 55.842, 'c': 55.897, 'h': 55.897, 'l': 55.738, 't': 1686686400000, 'n': 12}, {'v': 615, 'vw': 55.9449, 'o': 55.905, 'c': 55.974, 'h': 56.015, 'l': 55.738, 't': 1686700800000, 'n': 615}, {'v': 1024, 'vw': 55.9391, 'o': 55.972, 'c': 55.915, 'h': 56.004, 'l': 55.81, 't': 1686715200000, 'n': 1024}, {'v': 1836, 'vw': 55.8783, 'o': 55.92, 'c': 55.914, 'h': 55.938, 'l': 55.758, 't': 1686729600000, 'n': 1836}, {'v': 1087, 'vw': 55.8956, 'o': 55.903, 'c': 55.907, 'h': 55.943, 'l': 55.787, 't': 1686744000000, 'n': 1087}, {'v': 522, 'vw': 55.8861, 'o': 55.84, 'c': 55.851, 'h': 55.957, 'l': 55.755, 't': 1686758400000, 'n': 522}, {'v': 38, 'vw': 55.8592, 'o': 55.855, 'c': 55.931, 'h': 55.931, 'l': 55.805, 't': 1686772800000, 'n': 38}, {'v': 631, 'vw': 56.0661, 'o': 55.909, 'c': 56.045, 'h': 56.14, 'l': 55.512, 't': 1686787200000, 'n': 631}, {'v': 851, 'vw': 55.9867, 'o': 56.046, 'c': 55.929, 'h': 56.055, 'l': 55.851, 't': 1686801600000, 'n': 851}, {'v': 891, 'vw': 55.9803, 'o': 55.932, 'c': 56.044, 'h': 56.053, 'l': 55.809, 't': 1686816000000, 'n': 891}, {'v': 1511, 'vw': 55.8584, 'o': 56.043, 'c': 55.78, 'h': 56.044, 'l': 55.701, 't': 1686830400000, 'n': 1511}, {'v': 505, 'vw': 55.7747, 'o': 55.785, 'c': 55.763, 'h': 55.89, 'l': 55.665, 't': 1686844800000, 'n': 505}, {'v': 54, 'vw': 55.732, 'o': 55.757, 'c': 55.776, 'h': 55.776, 'l': 55.649, 't': 1686859200000, 'n': 54}, {'v': 658, 'vw': 55.8148, 'o': 55.763, 'c': 55.817, 'h': 55.882, 'l': 55.665, 't': 1686873600000, 'n': 658}, {'v': 763, 'vw': 55.8006, 'o': 55.818, 'c': 55.849, 'h': 55.859, 'l': 55.648, 't': 1686888000000, 'n': 763}, {'v': 603, 'vw': 55.8409, 'o': 55.849, 'c': 55.839, 'h': 55.91, 'l': 55.724, 't': 1686902400000, 'n': 603}, {'v': 1612, 'vw': 55.7639, 'o': 55.837, 'c': 55.746, 'h': 55.842, 'l': 55.642, 't': 1686916800000, 'n': 1612}, {'v': 417, 'vw': 55.7013, 'o': 55.73, 'c': 55.68, 'h': 55.773, 'l': 55.609, 't': 1686931200000, 'n': 417}, {'v': 32, 'vw': 55.6925, 'o': 55.677, 'c': 55.76, 'h': 55.76, 'l': 55.615, 't': 1686945600000, 'n': 32}, {'v': 1, 'vw': 55.615, 'o': 55.615, 'c': 55.615, 'h': 55.615, 'l': 55.615, 't': 1687075200000, 'n': 1}], 'status': 'OK', 'request_id': '028d812b4293b0a0a18f2274d98a6890', 'count': 43, 'next_url': 'https://api.polygon.io/v2/aggs/ticker/C:USDPHP/range/4/hour/1687089600000/2024-01-01?cursor=bGltaXQ9NTAwMCZzb3J0PWFzYw'}
[2025-03-31T08:42:04.446+0000] {logging_mixin.py:190} INFO - {'ticker': 'C:USDPHP', 'queryCount': 5000, 'resultsCount': 44, 'adjusted': True, 'results': [{'v': 3, 'vw': 55.645, 'o': 55.615, 'c': 55.615, 'h': 55.705, 'l': 55.615, 't': 1687118400000, 'n': 3}, {'v': 660, 'vw': 55.9005, 'o': 55.705, 'c': 55.856, 'h': 55.953, 'l': 55.615, 't': 1687132800000, 'n': 660}, {'v': 819, 'vw': 55.7205, 'o': 55.854, 'c': 55.732, 'h': 55.863, 'l': 55.525, 't': 1687147200000, 'n': 819}, {'v': 995, 'vw': 55.7229, 'o': 55.733, 'c': 55.728, 'h': 55.746, 'l': 55.191, 't': 1687161600000, 'n': 995}, {'v': 1034, 'vw': 55.7088, 'o': 55.732, 'c': 55.685, 'h': 55.752, 'l': 55.584, 't': 1687176000000, 'n': 1034}, {'v': 155, 'vw': 55.6823, 'o': 55.679, 'c': 55.634, 'h': 55.708, 'l': 55.605, 't': 1687190400000, 'n': 155}, {'v': 7, 'vw': 55.6729, 'o': 55.639, 'c': 55.723, 'h': 55.723, 'l': 55.605, 't': 1687204800000, 'n': 7}, {'v': 545, 'vw': 55.7405, 'o': 55.73, 'c': 55.776, 'h': 55.788, 'l': 55.595, 't': 1687219200000, 'n': 545}, {'v': 954, 'vw': 55.6856, 'o': 55.775, 'c': 55.542, 'h': 55.811, 'l': 55.242, 't': 1687233600000, 'n': 954}, {'v': 1007, 'vw': 55.5429, 'o': 55.545, 'c': 55.57, 'h': 55.615, 'l': 55.032, 't': 1687248000000, 'n': 1007}, {'v': 1844, 'vw': 55.6066, 'o': 55.571, 'c': 55.629, 'h': 55.69, 'l': 55.445, 't': 1687262400000, 'n': 1844}, {'v': 355, 'vw': 55.6154, 'o': 55.624, 'c': 55.505, 'h': 55.69, 'l': 55.469, 't': 1687276800000, 'n': 355}, {'v': 19, 'vw': 55.5279, 'o': 55.508, 'c': 55.552, 'h': 55.595, 'l': 55.505, 't': 1687291200000, 'n': 19}, {'v': 737, 'vw': 55.6149, 'o': 55.54, 'c': 55.601, 'h': 55.67, 'l': 55.51, 't': 1687305600000, 'n': 737}, {'v': 779, 'vw': 55.5847, 'o': 55.6, 'c': 55.646, 'h': 55.648, 'l': 55.475, 't': 1687320000000, 'n': 779}, {'v': 676, 'vw': 55.6005, 'o': 55.643, 'c': 55.605, 'h': 55.649, 'l': 55.114, 't': 1687334400000, 'n': 676}, {'v': 1123, 'vw': 55.6277, 'o': 55.603, 'c': 55.598, 'h': 55.69, 'l': 55.5, 't': 1687348800000, 'n': 1123}, {'v': 173, 'vw': 55.5678, 'o': 55.508, 'c': 55.518, 'h': 55.598, 'l': 55.495, 't': 1687363200000, 'n': 173}, {'v': 33, 'vw': 55.5289, 'o': 55.58, 'c': 55.585, 'h': 55.585, 'l': 55.485, 't': 1687377600000, 'n': 33}, {'v': 344, 'vw': 55.5679, 'o': 55.593, 'c': 55.6, 'h': 55.616, 'l': 55.445, 't': 1687392000000, 'n': 344}, {'v': 570, 'vw': 55.6214, 'o': 55.601, 'c': 55.622, 'h': 55.664, 'l': 55.515, 't': 1687406400000, 'n': 570}, {'v': 487, 'vw': 55.6267, 'o': 55.622, 'c': 55.624, 'h': 55.667, 'l': 55.259, 't': 1687420800000, 'n': 487}, {'v': 688, 'vw': 55.5968, 'o': 55.611, 'c': 55.568, 'h': 55.652, 'l': 55.499, 't': 1687435200000, 'n': 688}, {'v': 245, 'vw': 55.5684, 'o': 55.588, 'c': 55.536, 'h': 55.594, 'l': 55.493, 't': 1687449600000, 'n': 245}, {'v': 42, 'vw': 55.5181, 'o': 55.538, 'c': 55.548, 'h': 55.548, 'l': 55.488, 't': 1687464000000, 'n': 42}, {'v': 541, 'vw': 55.6523, 'o': 55.555, 'c': 55.63, 'h': 55.72, 'l': 55.46, 't': 1687478400000, 'n': 541}, {'v': 772, 'vw': 55.6394, 'o': 55.629, 'c': 55.769, 'h': 55.769, 'l': 55.463, 't': 1687492800000, 'n': 772}, {'v': 879, 'vw': 55.7512, 'o': 55.766, 'c': 55.759, 'h': 55.79, 'l': 55.652, 't': 1687507200000, 'n': 879}, {'v': 1143, 'vw': 55.7559, 'o': 55.757, 'c': 55.731, 'h': 55.791, 'l': 55.58, 't': 1687521600000, 'n': 1143}, {'v': 136, 'vw': 55.7234, 'o': 55.748, 'c': 55.692, 'h': 55.758, 'l': 55.659, 't': 1687536000000, 'n': 136}, {'v': 22, 'vw': 55.6651, 'o': 55.69, 'c': 55.674, 'h': 55.69, 'l': 55.644, 't': 1687550400000, 'n': 22}, {'v': 1, 'vw': 55.665, 'o': 55.665, 'c': 55.665, 'h': 55.665, 'l': 55.665, 't': 1687622400000, 'n': 1}, {'v': 2, 'vw': 55.71, 'o': 55.665, 'c': 55.755, 'h': 55.755, 'l': 55.665, 't': 1687723200000, 'n': 2}, {'v': 459, 'vw': 55.7327, 'o': 55.665, 'c': 55.741, 'h': 55.801, 'l': 55.665, 't': 1687737600000, 'n': 459}, {'v': 520, 'vw': 55.7185, 'o': 55.74, 'c': 55.704, 'h': 55.767, 'l': 55.613, 't': 1687752000000, 'n': 520}, {'v': 559, 'vw': 55.7333, 'o': 55.702, 'c': 55.735, 'h': 55.779, 'l': 55.615, 't': 1687766400000, 'n': 559}, {'v': 1220, 'vw': 55.704, 'o': 55.736, 'c': 55.721, 'h': 55.742, 'l': 55.555, 't': 1687780800000, 'n': 1220}, {'v': 251, 'vw': 55.7076, 'o': 55.716, 'c': 55.677, 'h': 55.755, 'l': 55.625, 't': 1687795200000, 'n': 251}, {'v': 19, 'vw': 55.652, 'o': 55.666, 'c': 55.684, 'h': 55.684, 'l': 55.633, 't': 1687809600000, 'n': 19}, {'v': 258, 'vw': 55.5323, 'o': 55.69, 'c': 55.517, 'h': 55.724, 'l': 50.129, 't': 1687824000000, 'n': 258}, {'v': 887, 'vw': 55.3834, 'o': 55.518, 'c': 55.34, 'h': 55.523, 'l': 54.806, 't': 1687838400000, 'n': 887}, {'v': 1324, 'vw': 55.3435, 'o': 55.342, 'c': 55.281, 'h': 55.434, 'l': 54.917, 't': 1687852800000, 'n': 1324}, {'v': 1409, 'vw': 55.1258, 'o': 55.281, 'c': 55.115, 'h': 55.284, 'l': 54.656, 't': 1687867200000, 'n': 1409}, {'v': 319, 'vw': 55.1014, 'o': 55.112, 'c': 55.118, 'h': 55.144, 'l': 54.993, 't': 1687881600000, 'n': 319}], 'status': 'OK', 'request_id': 'c3a21b2bb71f63ce0ca820d2a62ab07f', 'count': 44, 'next_url': 'https://api.polygon.io/v2/aggs/ticker/C:USDPHP/range/4/hour/1687896000000/2024-01-01?cursor=bGltaXQ9NTAwMCZzb3J0PWFzYw'}
[2025-03-31T08:42:07.979+0000] {logging_mixin.py:190} INFO - {'ticker': 'C:USDPHP', 'queryCount': 5000, 'resultsCount': 46, 'adjusted': True, 'results': [{'v': 13, 'vw': 55.1198, 'o': 55.12, 'c': 55.146, 'h': 55.149, 'l': 55.014, 't': 1687896000000, 'n': 13}, {'v': 466, 'vw': 55.224, 'o': 55.152, 'c': 55.292, 'h': 55.304, 'l': 55.01, 't': 1687910400000, 'n': 466}, {'v': 476, 'vw': 55.2942, 'o': 55.293, 'c': 55.299, 'h': 55.335, 'l': 55.265, 't': 1687924800000, 'n': 476}, {'v': 746, 'vw': 55.2902, 'o': 55.297, 'c': 55.312, 'h': 55.361, 'l': 52.467, 't': 1687939200000, 'n': 746}, {'v': 1332, 'vw': 55.3241, 'o': 55.309, 'c': 55.294, 'h': 55.423, 'l': 54.909, 't': 1687953600000, 'n': 1332}, {'v': 241, 'vw': 55.275, 'o': 55.292, 'c': 55.273, 'h': 55.307, 'l': 55.13, 't': 1687968000000, 'n': 241}, {'v': 47, 'vw': 55.26, 'o': 55.269, 'c': 55.275, 'h': 55.276, 'l': 55.13, 't': 1687982400000, 'n': 47}, {'v': 555, 'vw': 55.2654, 'o': 55.281, 'c': 55.4, 'h': 55.44, 'l': 53.42, 't': 1687996800000, 'n': 555}, {'v': 740, 'vw': 55.3854, 'o': 55.399, 'c': 55.345, 'h': 55.452, 'l': 55.215, 't': 1688011200000, 'n': 740}, {'v': 1028, 'vw': 55.283, 'o': 55.344, 'c': 55.265, 'h': 55.35, 'l': 54.935, 't': 1688025600000, 'n': 1028}, {'v': 1766, 'vw': 55.3991, 'o': 55.269, 'c': 55.4, 'h': 55.523, 'l': 55.17, 't': 1688040000000, 'n': 1766}, {'v': 256, 'vw': 55.4179, 'o': 55.401, 'c': 55.366, 'h': 55.468, 'l': 55.313, 't': 1688054400000, 'n': 256}, {'v': 51, 'vw': 55.3669, 'o': 55.362, 'c': 55.44, 'h': 55.44, 'l': 55.345, 't': 1688068800000, 'n': 51}, {'v': 597, 'vw': 55.3833, 'o': 55.446, 'c': 55.306, 'h': 55.496, 'l': 55.22, 't': 1688083200000, 'n': 597}, {'v': 671, 'vw': 55.2511, 'o': 55.309, 'c': 55.215, 'h': 55.347, 'l': 55.075, 't': 1688097600000, 'n': 671}, {'v': 1117, 'vw': 55.2373, 'o': 55.212, 'c': 55.293, 'h': 55.315, 'l': 55.002, 't': 1688112000000, 'n': 1117}, {'v': 1302, 'vw': 55.2625, 'o': 55.294, 'c': 55.269, 'h': 55.44, 'l': 55.16, 't': 1688126400000, 'n': 1302}, {'v': 346, 'vw': 55.2905, 'o': 55.266, 'c': 55.308, 'h': 55.334, 'l': 55.174, 't': 1688140800000, 'n': 346}, {'v': 42, 'vw': 55.2965, 'o': 55.3, 'c': 55.264, 'h': 55.343, 'l': 55.264, 't': 1688155200000, 'n': 42}, {'v': 1, 'vw': 55.174, 'o': 55.174, 'c': 55.174, 'h': 55.174, 'l': 55.174, 't': 1688284800000, 'n': 1}, {'v': 2, 'vw': 55.219, 'o': 55.174, 'c': 55.264, 'h': 55.264, 'l': 55.174, 't': 1688328000000, 'n': 2}, {'v': 657, 'vw': 55.1487, 'o': 55.249, 'c': 55.129, 'h': 55.322, 'l': 54.966, 't': 1688342400000, 'n': 657}, {'v': 666, 'vw': 55.2238, 'o': 55.13, 'c': 55.331, 'h': 55.35, 'l': 55.048, 't': 1688356800000, 'n': 666}, {'v': 1113, 'vw': 55.2754, 'o': 55.333, 'c': 55.286, 'h': 55.347, 'l': 55.086, 't': 1688371200000, 'n': 1113}, {'v': 1300, 'vw': 55.2191, 'o': 55.277, 'c': 55.218, 'h': 55.29, 'l': 55.102, 't': 1688385600000, 'n': 1300}, {'v': 212, 'vw': 55.2617, 'o': 55.259, 'c': 55.27, 'h': 55.306, 'l': 55.154, 't': 1688400000000, 'n': 212}, {'v': 18, 'vw': 55.2067, 'o': 55.192, 'c': 55.258, 'h': 55.29, 'l': 55.188, 't': 1688414400000, 'n': 18}, {'v': 399, 'vw': 55.2482, 'o': 55.19, 'c': 55.215, 'h': 55.299, 'l': 55.13, 't': 1688428800000, 'n': 399}, {'v': 447, 'vw': 55.2275, 'o': 55.214, 'c': 55.258, 'h': 55.276, 'l': 55.11, 't': 1688443200000, 'n': 447}, {'v': 594, 'vw': 55.1982, 'o': 55.258, 'c': 55.181, 'h': 55.262, 'l': 54.839, 't': 1688457600000, 'n': 594}, {'v': 383, 'vw': 55.2139, 'o': 55.184, 'c': 55.251, 'h': 55.257, 'l': 55.123, 't': 1688472000000, 'n': 383}, {'v': 40, 'vw': 55.2425, 'o': 55.253, 'c': 55.242, 'h': 55.258, 'l': 55.16, 't': 1688486400000, 'n': 40}, {'v': 5, 'vw': 55.242, 'o': 55.24, 'c': 55.27, 'h': 55.27, 'l': 55.16, 't': 1688500800000, 'n': 5}, {'v': 503, 'vw': 55.3904, 'o': 55.275, 'c': 55.427, 'h': 55.467, 'l': 55.16, 't': 1688515200000, 'n': 503}, {'v': 460, 'vw': 55.3687, 'o': 55.422, 'c': 55.398, 'h': 55.424, 'l': 54.965, 't': 1688529600000, 'n': 460}, {'v': 193, 'vw': 55.4385, 'o': 55.434, 'c': 55.429, 'h': 55.455, 'l': 55.363, 't': 1688544000000, 'n': 193}, {'v': 1379, 'vw': 55.4218, 'o': 55.429, 'c': 55.469, 'h': 55.558, 'l': 55.29, 't': 1688558400000, 'n': 1379}, {'v': 410, 'vw': 55.522, 'o': 55.444, 'c': 55.549, 'h': 55.607, 'l': 55.384, 't': 1688572800000, 'n': 410}, {'v': 26, 'vw': 55.5135, 'o': 55.532, 'c': 55.46, 'h': 55.599, 'l': 55.414, 't': 1688587200000, 'n': 26}, {'v': 657, 'vw': 55.564, 'o': 55.565, 'c': 55.573, 'h': 55.649, 'l': 55.4, 't': 1688601600000, 'n': 657}, {'v': 811, 'vw': 55.5124, 'o': 55.574, 'c': 55.519, 'h': 55.629, 'l': 55.335, 't': 1688616000000, 'n': 811}, {'v': 228, 'vw': 55.5041, 'o': 55.538, 'c': 55.551, 'h': 55.554, 'l': 55.39, 't': 1688630400000, 'n': 228}, {'v': 1477, 'vw': 55.6124, 'o': 55.534, 'c': 55.611, 'h': 55.679, 'l': 55.454, 't': 1688644800000, 'n': 1477}, {'v': 205, 'vw': 55.6279, 'o': 55.637, 'c': 55.592, 'h': 55.689, 'l': 55.538, 't': 1688659200000, 'n': 205}, {'v': 33, 'vw': 55.5967, 'o': 55.593, 'c': 55.655, 'h': 55.655, 'l': 55.556, 't': 1688673600000, 'n': 33}, {'v': 421, 'vw': 55.587, 'o': 55.659, 'c': 55.566, 'h': 55.669, 'l': 55.44, 't': 1688688000000, 'n': 421}], 'status': 'OK', 'request_id': 'b7cb9325cd5a23e7a106e94b7a7dfcae', 'count': 46, 'next_url': 'https://api.polygon.io/v2/aggs/ticker/C:USDPHP/range/4/hour/1688702400000/2024-01-01?cursor=bGltaXQ9NTAwMCZzb3J0PWFzYw'}
[2025-03-31T08:44:01.873+0000] {taskinstance.py:3313} ERROR - Task failed with exception
Traceback (most recent call last):
  File "/home/airflow/.local/lib/python3.12/site-packages/urllib3/connectionpool.py", line 787, in urlopen
    response = self._make_request(
               ^^^^^^^^^^^^^^^^^^^
  File "/home/airflow/.local/lib/python3.12/site-packages/urllib3/connectionpool.py", line 534, in _make_request
    response = conn.getresponse()
               ^^^^^^^^^^^^^^^^^^
  File "/home/airflow/.local/lib/python3.12/site-packages/urllib3/connection.py", line 516, in getresponse
    httplib_response = super().getresponse()
                       ^^^^^^^^^^^^^^^^^^^^^
  File "/usr/local/lib/python3.12/http/client.py", line 1430, in getresponse
    response.begin()
  File "/usr/local/lib/python3.12/http/client.py", line 331, in begin
    version, status, reason = self._read_status()
                              ^^^^^^^^^^^^^^^^^^^
  File "/usr/local/lib/python3.12/http/client.py", line 300, in _read_status
    raise RemoteDisconnected("Remote end closed connection without"
http.client.RemoteDisconnected: Remote end closed connection without response

During handling of the above exception, another exception occurred:

Traceback (most recent call last):
  File "/home/airflow/.local/lib/python3.12/site-packages/requests/adapters.py", line 667, in send
    resp = conn.urlopen(
           ^^^^^^^^^^^^^
  File "/home/airflow/.local/lib/python3.12/site-packages/urllib3/connectionpool.py", line 841, in urlopen
    retries = retries.increment(
              ^^^^^^^^^^^^^^^^^^
  File "/home/airflow/.local/lib/python3.12/site-packages/urllib3/util/retry.py", line 474, in increment
    raise reraise(type(error), error, _stacktrace)
          ^^^^^^^^^^^^^^^^^^^^^^^^^^^^^^^^^^^^^^^^
  File "/home/airflow/.local/lib/python3.12/site-packages/urllib3/util/util.py", line 38, in reraise
    raise value.with_traceback(tb)
  File "/home/airflow/.local/lib/python3.12/site-packages/urllib3/connectionpool.py", line 787, in urlopen
    response = self._make_request(
               ^^^^^^^^^^^^^^^^^^^
  File "/home/airflow/.local/lib/python3.12/site-packages/urllib3/connectionpool.py", line 534, in _make_request
    response = conn.getresponse()
               ^^^^^^^^^^^^^^^^^^
  File "/home/airflow/.local/lib/python3.12/site-packages/urllib3/connection.py", line 516, in getresponse
    httplib_response = super().getresponse()
                       ^^^^^^^^^^^^^^^^^^^^^
  File "/usr/local/lib/python3.12/http/client.py", line 1430, in getresponse
    response.begin()
  File "/usr/local/lib/python3.12/http/client.py", line 331, in begin
    version, status, reason = self._read_status()
                              ^^^^^^^^^^^^^^^^^^^
  File "/usr/local/lib/python3.12/http/client.py", line 300, in _read_status
    raise RemoteDisconnected("Remote end closed connection without"
urllib3.exceptions.ProtocolError: ('Connection aborted.', RemoteDisconnected('Remote end closed connection without response'))

During handling of the above exception, another exception occurred:

Traceback (most recent call last):
  File "/home/airflow/.local/lib/python3.12/site-packages/airflow/models/taskinstance.py", line 768, in _execute_task
    result = _execute_callable(context=context, **execute_callable_kwargs)
             ^^^^^^^^^^^^^^^^^^^^^^^^^^^^^^^^^^^^^^^^^^^^^^^^^^^^^^^^^^^^^
  File "/home/airflow/.local/lib/python3.12/site-packages/airflow/models/taskinstance.py", line 734, in _execute_callable
    return ExecutionCallableRunner(
           ^^^^^^^^^^^^^^^^^^^^^^^^
  File "/home/airflow/.local/lib/python3.12/site-packages/airflow/utils/operator_helpers.py", line 252, in run
    return self.func(*args, **kwargs)
           ^^^^^^^^^^^^^^^^^^^^^^^^^^
  File "/home/airflow/.local/lib/python3.12/site-packages/airflow/models/baseoperator.py", line 424, in wrapper
    return func(self, *args, **kwargs)
           ^^^^^^^^^^^^^^^^^^^^^^^^^^^
  File "/home/airflow/.local/lib/python3.12/site-packages/airflow/operators/python.py", line 238, in execute
    return_value = self.execute_callable()
                   ^^^^^^^^^^^^^^^^^^^^^^^
  File "/home/airflow/.local/lib/python3.12/site-packages/airflow/operators/python.py", line 256, in execute_callable
    return runner.run(*self.op_args, **self.op_kwargs)
           ^^^^^^^^^^^^^^^^^^^^^^^^^^^^^^^^^^^^^^^^^^^
  File "/home/airflow/.local/lib/python3.12/site-packages/airflow/utils/operator_helpers.py", line 252, in run
    return self.func(*args, **kwargs)
           ^^^^^^^^^^^^^^^^^^^^^^^^^^
  File "/opt/airflow/dags/operators/pull_forex_data.py", line 54, in pull_forex_data
    response = requests.get(url, params=params, headers=headers)
               ^^^^^^^^^^^^^^^^^^^^^^^^^^^^^^^^^^^^^^^^^^^^^^^^^
  File "/home/airflow/.local/lib/python3.12/site-packages/requests/api.py", line 73, in get
    return request("get", url, params=params, **kwargs)
           ^^^^^^^^^^^^^^^^^^^^^^^^^^^^^^^^^^^^^^^^^^^^
  File "/home/airflow/.local/lib/python3.12/site-packages/requests/api.py", line 59, in request
    return session.request(method=method, url=url, **kwargs)
           ^^^^^^^^^^^^^^^^^^^^^^^^^^^^^^^^^^^^^^^^^^^^^^^^^
  File "/home/airflow/.local/lib/python3.12/site-packages/requests/sessions.py", line 589, in request
    resp = self.send(prep, **send_kwargs)
           ^^^^^^^^^^^^^^^^^^^^^^^^^^^^^^
  File "/home/airflow/.local/lib/python3.12/site-packages/requests/sessions.py", line 703, in send
    r = adapter.send(request, **kwargs)
        ^^^^^^^^^^^^^^^^^^^^^^^^^^^^^^^
  File "/home/airflow/.local/lib/python3.12/site-packages/requests/adapters.py", line 682, in send
    raise ConnectionError(err, request=request)
requests.exceptions.ConnectionError: ('Connection aborted.', RemoteDisconnected('Remote end closed connection without response'))
[2025-03-31T08:44:01.897+0000] {taskinstance.py:1226} INFO - Marking task as UP_FOR_RETRY. dag_id=forex_ml_pipeline, task_id=pull_forex_data, run_id=manual__2025-03-31T08:39:16.898472+00:00, execution_date=20250331T083916, start_date=20250331T083925, end_date=20250331T084401
[2025-03-31T08:44:01.942+0000] {taskinstance.py:341} INFO - ::group::Post task execution logs
[2025-03-31T08:44:01.943+0000] {standard_task_runner.py:124} ERROR - Failed to execute job 7 for task pull_forex_data (('Connection aborted.', RemoteDisconnected('Remote end closed connection without response')); 760)
Traceback (most recent call last):
  File "/home/airflow/.local/lib/python3.12/site-packages/urllib3/connectionpool.py", line 787, in urlopen
    response = self._make_request(
               ^^^^^^^^^^^^^^^^^^^
  File "/home/airflow/.local/lib/python3.12/site-packages/urllib3/connectionpool.py", line 534, in _make_request
    response = conn.getresponse()
               ^^^^^^^^^^^^^^^^^^
  File "/home/airflow/.local/lib/python3.12/site-packages/urllib3/connection.py", line 516, in getresponse
    httplib_response = super().getresponse()
                       ^^^^^^^^^^^^^^^^^^^^^
  File "/usr/local/lib/python3.12/http/client.py", line 1430, in getresponse
    response.begin()
  File "/usr/local/lib/python3.12/http/client.py", line 331, in begin
    version, status, reason = self._read_status()
                              ^^^^^^^^^^^^^^^^^^^
  File "/usr/local/lib/python3.12/http/client.py", line 300, in _read_status
    raise RemoteDisconnected("Remote end closed connection without"
http.client.RemoteDisconnected: Remote end closed connection without response

During handling of the above exception, another exception occurred:

Traceback (most recent call last):
  File "/home/airflow/.local/lib/python3.12/site-packages/requests/adapters.py", line 667, in send
    resp = conn.urlopen(
           ^^^^^^^^^^^^^
  File "/home/airflow/.local/lib/python3.12/site-packages/urllib3/connectionpool.py", line 841, in urlopen
    retries = retries.increment(
              ^^^^^^^^^^^^^^^^^^
  File "/home/airflow/.local/lib/python3.12/site-packages/urllib3/util/retry.py", line 474, in increment
    raise reraise(type(error), error, _stacktrace)
          ^^^^^^^^^^^^^^^^^^^^^^^^^^^^^^^^^^^^^^^^
  File "/home/airflow/.local/lib/python3.12/site-packages/urllib3/util/util.py", line 38, in reraise
    raise value.with_traceback(tb)
  File "/home/airflow/.local/lib/python3.12/site-packages/urllib3/connectionpool.py", line 787, in urlopen
    response = self._make_request(
               ^^^^^^^^^^^^^^^^^^^
  File "/home/airflow/.local/lib/python3.12/site-packages/urllib3/connectionpool.py", line 534, in _make_request
    response = conn.getresponse()
               ^^^^^^^^^^^^^^^^^^
  File "/home/airflow/.local/lib/python3.12/site-packages/urllib3/connection.py", line 516, in getresponse
    httplib_response = super().getresponse()
                       ^^^^^^^^^^^^^^^^^^^^^
  File "/usr/local/lib/python3.12/http/client.py", line 1430, in getresponse
    response.begin()
  File "/usr/local/lib/python3.12/http/client.py", line 331, in begin
    version, status, reason = self._read_status()
                              ^^^^^^^^^^^^^^^^^^^
  File "/usr/local/lib/python3.12/http/client.py", line 300, in _read_status
    raise RemoteDisconnected("Remote end closed connection without"
urllib3.exceptions.ProtocolError: ('Connection aborted.', RemoteDisconnected('Remote end closed connection without response'))

During handling of the above exception, another exception occurred:

Traceback (most recent call last):
  File "/home/airflow/.local/lib/python3.12/site-packages/airflow/task/task_runner/standard_task_runner.py", line 117, in _start_by_fork
    ret = args.func(args, dag=self.dag)
          ^^^^^^^^^^^^^^^^^^^^^^^^^^^^^
  File "/home/airflow/.local/lib/python3.12/site-packages/airflow/cli/cli_config.py", line 49, in command
    return func(*args, **kwargs)
           ^^^^^^^^^^^^^^^^^^^^^
  File "/home/airflow/.local/lib/python3.12/site-packages/airflow/utils/cli.py", line 116, in wrapper
    return f(*args, **kwargs)
           ^^^^^^^^^^^^^^^^^^
  File "/home/airflow/.local/lib/python3.12/site-packages/airflow/cli/commands/task_command.py", line 483, in task_run
    task_return_code = _run_task_by_selected_method(args, _dag, ti)
                       ^^^^^^^^^^^^^^^^^^^^^^^^^^^^^^^^^^^^^^^^^^^^
  File "/home/airflow/.local/lib/python3.12/site-packages/airflow/cli/commands/task_command.py", line 256, in _run_task_by_selected_method
    return _run_raw_task(args, ti)
           ^^^^^^^^^^^^^^^^^^^^^^^
  File "/home/airflow/.local/lib/python3.12/site-packages/airflow/cli/commands/task_command.py", line 341, in _run_raw_task
    return ti._run_raw_task(
           ^^^^^^^^^^^^^^^^^
  File "/home/airflow/.local/lib/python3.12/site-packages/airflow/utils/session.py", line 97, in wrapper
    return func(*args, session=session, **kwargs)
           ^^^^^^^^^^^^^^^^^^^^^^^^^^^^^^^^^^^^^^
  File "/home/airflow/.local/lib/python3.12/site-packages/airflow/models/taskinstance.py", line 3006, in _run_raw_task
    return _run_raw_task(
           ^^^^^^^^^^^^^^
  File "/home/airflow/.local/lib/python3.12/site-packages/airflow/models/taskinstance.py", line 274, in _run_raw_task
    TaskInstance._execute_task_with_callbacks(
  File "/home/airflow/.local/lib/python3.12/site-packages/airflow/models/taskinstance.py", line 3161, in _execute_task_with_callbacks
    result = self._execute_task(context, task_orig)
             ^^^^^^^^^^^^^^^^^^^^^^^^^^^^^^^^^^^^^^
  File "/home/airflow/.local/lib/python3.12/site-packages/airflow/models/taskinstance.py", line 3185, in _execute_task
    return _execute_task(self, context, task_orig)
           ^^^^^^^^^^^^^^^^^^^^^^^^^^^^^^^^^^^^^^^
  File "/home/airflow/.local/lib/python3.12/site-packages/airflow/models/taskinstance.py", line 768, in _execute_task
    result = _execute_callable(context=context, **execute_callable_kwargs)
             ^^^^^^^^^^^^^^^^^^^^^^^^^^^^^^^^^^^^^^^^^^^^^^^^^^^^^^^^^^^^^
  File "/home/airflow/.local/lib/python3.12/site-packages/airflow/models/taskinstance.py", line 734, in _execute_callable
    return ExecutionCallableRunner(
           ^^^^^^^^^^^^^^^^^^^^^^^^
  File "/home/airflow/.local/lib/python3.12/site-packages/airflow/utils/operator_helpers.py", line 252, in run
    return self.func(*args, **kwargs)
           ^^^^^^^^^^^^^^^^^^^^^^^^^^
  File "/home/airflow/.local/lib/python3.12/site-packages/airflow/models/baseoperator.py", line 424, in wrapper
    return func(self, *args, **kwargs)
           ^^^^^^^^^^^^^^^^^^^^^^^^^^^
  File "/home/airflow/.local/lib/python3.12/site-packages/airflow/operators/python.py", line 238, in execute
    return_value = self.execute_callable()
                   ^^^^^^^^^^^^^^^^^^^^^^^
  File "/home/airflow/.local/lib/python3.12/site-packages/airflow/operators/python.py", line 256, in execute_callable
    return runner.run(*self.op_args, **self.op_kwargs)
           ^^^^^^^^^^^^^^^^^^^^^^^^^^^^^^^^^^^^^^^^^^^
  File "/home/airflow/.local/lib/python3.12/site-packages/airflow/utils/operator_helpers.py", line 252, in run
    return self.func(*args, **kwargs)
           ^^^^^^^^^^^^^^^^^^^^^^^^^^
  File "/opt/airflow/dags/operators/pull_forex_data.py", line 54, in pull_forex_data
    response = requests.get(url, params=params, headers=headers)
               ^^^^^^^^^^^^^^^^^^^^^^^^^^^^^^^^^^^^^^^^^^^^^^^^^
  File "/home/airflow/.local/lib/python3.12/site-packages/requests/api.py", line 73, in get
    return request("get", url, params=params, **kwargs)
           ^^^^^^^^^^^^^^^^^^^^^^^^^^^^^^^^^^^^^^^^^^^^
  File "/home/airflow/.local/lib/python3.12/site-packages/requests/api.py", line 59, in request
    return session.request(method=method, url=url, **kwargs)
           ^^^^^^^^^^^^^^^^^^^^^^^^^^^^^^^^^^^^^^^^^^^^^^^^^
  File "/home/airflow/.local/lib/python3.12/site-packages/requests/sessions.py", line 589, in request
    resp = self.send(prep, **send_kwargs)
           ^^^^^^^^^^^^^^^^^^^^^^^^^^^^^^
  File "/home/airflow/.local/lib/python3.12/site-packages/requests/sessions.py", line 703, in send
    r = adapter.send(request, **kwargs)
        ^^^^^^^^^^^^^^^^^^^^^^^^^^^^^^^
  File "/home/airflow/.local/lib/python3.12/site-packages/requests/adapters.py", line 682, in send
    raise ConnectionError(err, request=request)
requests.exceptions.ConnectionError: ('Connection aborted.', RemoteDisconnected('Remote end closed connection without response'))
[2025-03-31T08:44:01.975+0000] {local_task_job_runner.py:266} INFO - Task exited with return code 1
[2025-03-31T08:44:02.003+0000] {taskinstance.py:3901} INFO - 0 downstream tasks scheduled from follow-on schedule check
[2025-03-31T08:44:02.008+0000] {local_task_job_runner.py:245} INFO - ::endgroup::
